2026-01-03T12:37:31 | touched: LICENSE
2024-04-17T02:07:13 | touched: LICENSE
2024-11-27T11:01:29 | touched: README.md
2024-12-19T04:27:15 | touched: README.md
2026-01-08T05:19:41 | touched: README.md
2024-01-03T00:01:52 | touched: src/main.rs
2024-06-28T14:16:02 | touched: Cargo.toml
2025-09-09T20:07:42 | touched: LICENSE
2025-12-29T18:48:01 | touched: src/lib.rs
2024-12-10T19:26:35 | touched: README.md
2025-05-05T02:35:19 | touched: src/lib.rs
2026-01-09T10:40:16 | touched: Cargo.toml
2025-08-24T20:16:08 | touched: src/main.rs
2026-01-15T14:03:57 | touched: src/lib.rs
2025-02-07T22:43:51 | touched: Cargo.toml
2025-04-11T18:45:05 | touched: README.md
2026-01-18T22:22:28 | touched: src/lib.rs
2025-09-22T17:55:36 | touched: src/lib.rs
2026-01-16T15:36:24 | touched: LICENSE
2025-03-12T08:23:45 | touched: README.md
2025-05-28T18:39:56 | touched: src/main.rs
2025-05-22T04:40:35 | touched: LICENSE
2024-09-03T12:57:33 | touched: README.md
2024-05-15T21:17:12 | touched: src/main.rs
2024-06-01T11:39:15 | touched: README.md
2025-07-12T10:54:24 | touched: LICENSE
2025-09-06T16:02:04 | touched: src/lib.rs
2025-10-22T08:44:40 | touched: src/lib.rs
2025-03-18T09:43:44 | touched: README.md
2025-07-07T21:31:21 | touched: src/lib.rs
2025-02-08T12:04:34 | touched: src/main.rs
2025-09-23T15:48:47 | touched: Cargo.toml
2025-07-07T12:50:32 | touched: README.md
2025-04-09T19:35:17 | touched: src/main.rs
2025-10-04T00:43:23 | touched: Cargo.toml
2025-02-09T16:49:32 | touched: src/main.rs
2025-11-07T16:42:42 | touched: README.md
2025-08-31T15:22:45 | touched: README.md
2025-06-19T13:52:14 | touched: Cargo.toml
2025-11-03T06:43:38 | touched: LICENSE
2025-04-08T00:01:30 | touched: src/lib.rs
2025-03-23T21:47:23 | touched: src/main.rs
2025-05-18T19:19:38 | touched: Cargo.toml
